2024-11-03 12:30:25,473 INFO Starting a task...
2024-11-03 12:30:29,792 INFO Processing URL: https://t.me/s/jsvdoodhrllr
2024-11-03 12:30:29,795 INFO Last message ID found: 309
2024-11-03 12:30:29,797 INFO Last message in DB: 301, new last message: 309
2024-11-03 12:30:29,797 INFO Starting finding numbers of images...
2024-11-03 12:30:29,800 INFO Found additional photos number in message 302: 3
2024-11-03 12:30:29,800 INFO Found additional photos number in message 307: 1
2024-11-03 12:30:29,801 INFO Additional photos number: 4
2024-11-03 12:30:29,801 INFO Starting finding numbers of images...
2024-11-03 12:30:29,803 INFO Found additional photos number in one message 302: 3
2024-11-03 12:30:29,803 INFO Starting finding numbers of images...
2024-11-03 12:30:29,806 INFO Starting finding numbers of images...
2024-11-03 12:30:29,808 INFO Found additional photos number in one message 307: 1
2024-11-03 12:30:29,808 INFO Starting finding numbers of images...
2024-11-03 12:30:29,811 INFO New messages id's: [(309, 0), (307, 1), (306, 0), (302, 3)]
2024-11-03 12:30:50,759 INFO New message [309] added to list: 💭Много откуда слышно про выборы в США и то, что они как-то повлияют на цены на рынке крипты. Я тоже говорил про это, но теперь я расскажу более подробно про этот момент.Начнем с того, что перед прошлыми выборами рынок тоже находился в волатильном состоянии, а после выборов пришла мощная бычка. Этот год не стал исключением и мы прямо сейчас наблюдаем такие же импульсные изменения цены.Вы, думаю, знаете кандидатов: Дональд Трамп и Камала Харрис. Первый нам особо интересен, потому что во время прошлого его президентского срока случилась первая мощная бычка в 2017 году. Настолько Трамп вписался в сферу крипты, что начал ее поддерживать и даже сейчас есть мемкоин MAGA (что, кстати, расшифровывается как "Make America Great Again" - основной лозунг Трампа) в его честь. Его победа принесет нам обновление всех исторических максимумов и ожидаем укрепление доллара, согласно его предвыборным обещаниям.Если победит Харрис, то такого сильного увеличения цены аналитики не ожидают. Но и сильного падения тоже, поскольку Камала тоже обещала поддерживать цифровые активы. Что в действительности случится - мы знать не можем, так как это невероятно ценная информация и трубить об этом везде не будут.💡Остается вопрос: что нам делать сейчас? Особо ничего уже делать и не надо, только следить за новостями и рынком, не делать глупых ошибок и попыток еще набрать активов, ведь мы уже неплохо набрали свои портфели по очень хорошим скидкам, можно сказать.Как в одной известной поговорке: "Готовимся к победе Харрис и получаем прирост к портфелю, а сами надеемся на победу Трампа и вытаскиваем с этого неплохие иксы."Самое главное не волнуемся и сохраняем спокойствие, а я буду держать вас в курсе всех событий. Защитите себя от ФОМО.
2024-11-03 12:30:52,889 INFO New message [307] added to list: Как стать частью «Сколково» и открыть для своей компании новые перспективы?Статус участника «Сколково» открывает доступ к налоговым льготам, инвестициям и экосистеме инноваций. Это отличная возможность для роста, сотрудничества и развития.30 октября в 12:00 по МСК IT-юристы AG-LEGAL проведут вебинар «Сколково: как получить и сохранить статус участника»На вебинаре вы узнаете:- Как правильно подать заявку в Сколково;- Какие преимущества откроет статус участника;- Практические советы по сохранению статуса.🔗 Присоединяйтесь! Регистрация здесьЗа остальными анонсами можно следить в канале AG-LEGAL, где регулярно делятся  инсайтами и практическими советами для бизнеса в IT-сфере, а также проводят бесплатные вебинары на актуальные темы!
2024-11-03 12:30:54,892 INFO New message [306] added to list: 💭Много откуда слышно про выборы в США и то, что они как-то повлияют на цены на рынке крипты. Я тоже говорил про это, но теперь я расскажу более подробно про этот момент.Начнем с того, что перед прошлыми выборами рынок тоже находился в волатильном состоянии, а после выборов пришла мощная бычка. Этот год не стал исключением и мы прямо сейчас наблюдаем такие же импульсные изменения цены.Вы, думаю, знаете кандидатов: Дональд Трамп и Камала Харрис. Первый нам особо интересен, потому что во время прошлого его президентского срока случилась первая мощная бычка в 2017 году. Настолько Трамп вписался в сферу крипты, что начал ее поддерживать и даже сейчас есть мемкоин MAGA (что, кстати, расшифровывается как "Make America Great Again" - основной лозунг Трампа) в его честь. Его победа принесет нам обновление всех исторических максимумов и ожидаем укрепление доллара, согласно его предвыборным обещаниям.Если победит Харрис, то такого сильного увеличения цены аналитики не ожидают. Но и сильного падения тоже, поскольку Камала тоже обещала поддерживать цифровые активы. Что в действительности случится - мы знать не можем, так как это невероятно ценная информация и трубить об этом везде не будут.💡Остается вопрос: что нам делать сейчас? Особо ничего уже делать и не надо, только следить за новостями и рынком, не делать глупых ошибок и попыток еще набрать активов, ведь мы уже неплохо набрали свои портфели по очень хорошим скидкам, можно сказать.Как в одной известной поговорке: "Готовимся к победе Харрис и получаем прирост к портфелю, а сами надеемся на победу Трампа и вытаскиваем с этого неплохие иксы."Самое главное не волнуемся и сохраняем спокойствие, а я буду держать вас в курсе всех событий. Защитите себя от ФОМО.
2024-11-03 12:30:59,134 INFO New message [302] added to list: Коллеги, на связи Дима Цапля, фаундер студии разработки along.pw, где мы вместе с крутыми предпринимателями создаем IT-стартапы, например: - Всего за месяц запустили AI-приложение для транскрибации видео и уже больше года держим отзывы выше 4,5.- Делаем AI-ежедневник DayFlow: помогли улучшить промпты и релизнули android-версию за месяц. - За месяц выпустили прилу SurfDiary для серфингистов в Индонезии, а сейчас делаем по релизу в неделю, чтобы растить метрики.А сейчас для бизнесменов, я провожу абсолютно бесплатные консультации по запуску IT-стартапов.По итогу консультации удастся получить:- План по запуску, который приведёт к быстрому результату — продукту;- Финансовую оценку этого плана — для себя или для инвесторов;- Оптимальный состав команды, необходимый для запуска IT-стартапа.👉🏻 Свободный  слот можно забронировать по ссылке: https://calendar.google.com/calendar/u/0/appointments/schedules/AcZssZ2AsmhI0oCWsgTtIpBimucdxP3tVp7eHt5XanE4N3XfGCIdb3FI-37TXQRMd411uDGc73lbv8hW
2024-11-03 12:33:22,500 INFO Summarized message: Выборы в США могут повлиять на рынок криптовалют: победа Трампа ожидает рост цен, а Харрис — стабильность. Важно следить за новостями и сохранять спокойствие.
2024-11-03 12:35:12,497 INFO Message [309] summarized and saved to database.
2024-11-03 12:35:21,367 INFO Summarized message: На вебинаре AG-LEGAL 30 октября расскажут о получении и сохранении статуса участника «Сколково», сопровождая материал практическими советами и информацией о преимуществах.
2024-11-03 12:35:49,533 INFO Message [307] summarized and saved to database.
2024-11-03 12:36:03,178 INFO Summarized message: Выборы в США могут повлиять на рынок криптовалют, особенно если победит Трамп, ожидая сильный рост. Харрис обещает поддержку, но не такой значительный прирост.
2024-11-03 12:36:11,333 INFO Message [306] summarized and saved to database.
2024-11-03 12:36:24,895 INFO Summarized message: Дима Цапля предлагает бесплатные консультации по запуску IT-стартапов, предоставляя план, финансовую оценку и совет по команде для быстрого достижения результатов.
2024-11-03 12:37:01,362 INFO Message [302] summarized and saved to database.
2024-11-03 12:37:17,506 INFO Last message ID (309) updated successfully.
